<?xml version="1.0" encoding="UTF-8"?>
<testsuite xmlns:xsi="http://www.w3.org/2001/XMLSchema-instance" xsi:noNamespaceSchemaLocation="https://maven.apache.org/surefire/maven-surefire-plugin/xsd/surefire-test-report.xsd" name="com.mycompany.app.AppTest" time="0.021" tests="2" errors="0" skipped="1" failures="0">
  <properties>
[...]
</properties>
  <testcase name="sum_forPositiveNumbers" classname="com.mycompany.app.AppTest" time="0">
    <skipped/>
  </testcase>
  <testcase name="sum_forNegativeNumbers" classname="com.mycompany.app.AppTest" time="0.001"/>
</testsuite>